Determining if the pthread_create exist failed with the following output:
Change Dir: /home/spb/catkin_move_it/build/CMakeFiles/CMakeTmp

Run Build Command:"/usr/bin/make" "cmTC_83504/fast"
/usr/bin/make -f CMakeFiles/cmTC_83504.dir/build.make CMakeFiles/cmTC_83504.dir/build
make[1]: Entering directory '/home/spb/catkin_move_it/build/CMakeFiles/CMakeTmp'
Building C object CMakeFiles/cmTC_83504.dir/CheckSymbolExists.c.o
/usr/bin/cc     -o CMakeFiles/cmTC_83504.dir/CheckSymbolExists.c.o   -c /home/spb/catkin_move_it/build/CMakeFiles/CMakeTmp/CheckSymbolExists.c
Linking C executable cmTC_83504
/usr/bin/cmake -E cmake_link_script CMakeFiles/cmTC_83504.dir/link.txt --verbose=1
/usr/bin/cc       CMakeFiles/cmTC_83504.dir/CheckSymbolExists.c.o  -o cmTC_83504 -rdynamic 
CMakeFiles/cmTC_83504.dir/CheckSymbolExists.c.o: In function `main':
CheckSymbolExists.c:(.text+0x16): undefined reference to `pthread_create'
collect2: error: ld returned 1 exit status
CMakeFiles/cmTC_83504.dir/build.make:97: recipe for target 'cmTC_83504' failed
make[1]: *** [cmTC_83504] Error 1
make[1]: Leaving directory '/home/spb/catkin_move_it/build/CMakeFiles/CMakeTmp'
Makefile:126: recipe for target 'cmTC_83504/fast' failed
make: *** [cmTC_83504/fast] Error 2

File /home/spb/catkin_move_it/build/CMakeFiles/CMakeTmp/CheckSymbolExists.c:
/* */
#include <pthread.h>

int main(int argc, char** argv)
{
  (void)argv;
#ifndef pthread_create
  return ((int*)(&pthread_create))[argc];
#else
  (void)argc;
  return 0;
#endif
}

Determining if the function pthread_create exists in the pthreads failed with the following output:
Change Dir: /home/spb/catkin_move_it/build/CMakeFiles/CMakeTmp

Run Build Command:"/usr/bin/make" "cmTC_5372f/fast"
/usr/bin/make -f CMakeFiles/cmTC_5372f.dir/build.make CMakeFiles/cmTC_5372f.dir/build
make[1]: Entering directory '/home/spb/catkin_move_it/build/CMakeFiles/CMakeTmp'
Building C object CMakeFiles/cmTC_5372f.dir/CheckFunctionExists.c.o
/usr/bin/cc    -DCHECK_FUNCTION_EXISTS=pthread_create   -o CMakeFiles/cmTC_5372f.dir/CheckFunctionExists.c.o   -c /usr/share/cmake-3.5/Modules/CheckFunctionExists.c
Linking C executable cmTC_5372f
/usr/bin/cmake -E cmake_link_script CMakeFiles/cmTC_5372f.dir/link.txt --verbose=1
/usr/bin/cc   -DCHECK_FUNCTION_EXISTS=pthread_create    CMakeFiles/cmTC_5372f.dir/CheckFunctionExists.c.o  -o cmTC_5372f -rdynamic -lpthreads 
/usr/bin/ld: cannot find -lpthreads
collect2: error: ld returned 1 exit status
CMakeFiles/cmTC_5372f.dir/build.make:97: recipe for target 'cmTC_5372f' failed
make[1]: *** [cmTC_5372f] Error 1
make[1]: Leaving directory '/home/spb/catkin_move_it/build/CMakeFiles/CMakeTmp'
Makefile:126: recipe for target 'cmTC_5372f/fast' failed
make: *** [cmTC_5372f/fast] Error 2


